Arguments: 
  /usr/local/bin/node /Users/petecampbell/.yarn/bin/yarn.js init

PATH: 
  /Users/petecampbell/.yarn/bin:/Users/petecampbell/.config/yarn/global/node_modules/.bin:/Users/petecampbell/.sdkman/candidates/java/current/bin:/Users/petecampbell/.bun/bin:/Users/petecampbell/.pyenv/shims:/Users/petecampbell/google-cloud-sdk/bin:/Users/petecampbell/.pyenv/bin:/Users/petecampbell/.poetry/bin:/Library/Frameworks/Python.framework/Versions/3.10/bin:/usr/local/bin:/System/Cryptexes/App/usr/bin:/usr/bin:/bin:/usr/sbin:/sbin:/usr/local/go/bin:/usr/local/share/dotnet:~/.dotnet/tools:/Library/Apple/usr/bin:/Library/Frameworks/Mono.framework/Versions/Current/Commands:/Applications/Xamarin Workbooks.app/Contents/SharedSupport/path-bin:/Users/petecampbell/.fig/bin:/Users/petecampbell/.local/bin:/usr/local/bin

Yarn version: 
  1.22.19

Node version: 
  18.6.0

Platform: 
  darwin x64

Trace: 
  Error: canceled
      at Interface.<anonymous> (/Users/petecampbell/.yarn/lib/cli.js:137150:13)
      at Interface.emit (node:events:513:28)
      at [_ttyWrite] [as _ttyWrite] (node:internal/readline/interface:1124:18)
      at ReadStream.onkeypress (node:internal/readline/interface:273:20)
      at ReadStream.emit (node:events:513:28)
      at emitKeys (node:internal/readline/utils:357:14)
      at emitKeys.next (<anonymous>)
      at ReadStream.onData (node:internal/readline/emitKeypressEvents:64:36)
      at ReadStream.emit (node:events:513:28)
      at addChunk (node:internal/streams/readable:324:12)

npm manifest: 
  No manifest

yarn manifest: 
  No manifest

Lockfile: 
  No lockfile
